#
# There is insufficient memory for the Java Runtime Environment to continue.
# Native memory allocation (malloc) failed to allocate 355536 bytes for Chunk::new
# Possible reasons:
#   The system is out of physical RAM or swap space
#   The process is running with CompressedOops enabled, and the Java Heap may be blocking the growth of the native heap
# Possible solutions:
#   Reduce memory load on the system
#   Increase physical memory or swap space
#   Check if swap backing store is full
#   Decrease Java heap size (-Xmx/-Xms)
#   Decrease number of Java threads
#   Decrease Java thread stack sizes (-Xss)
#   Set larger code cache with -XX:ReservedCodeCacheSize=
#   JVM is running with Unscaled Compressed Oops mode in which the Java heap is
#     placed in the first 4GB address space. The Java Heap base address is the
#     maximum limit for the native heap growth. Please use -XX:HeapBaseMinAddress
#     to set the Java Heap base and to place the Java Heap above 4GB virtual address.
# This output file may be truncated or incomplete.
#
#  Out of Memory Error (allocation.cpp:389), pid=9136, tid=0x0000000000002370
#
# JRE version: Java(TM) SE Runtime Environment (8.0_341-b10) (build 1.8.0_341-b10)
# Java VM: Java HotSpot(TM) 64-Bit Server VM (25.341-b10 mixed mode windows-amd64 compressed oops)
# Failed to write core dump. Minidumps are not enabled by default on client versions of Windows
#

---------------  T H R E A D  ---------------

Current thread (0x0000016379d01000):  JavaThread "C2 CompilerThread0" daemon [_thread_in_native, id=9072, stack(0x0000004b2ba00000,0x0000004b2bb00000)]

Stack: [0x0000004b2ba00000,0x0000004b2bb00000]
Native frames: (J=compiled Java code, j=interpreted, Vv=VM code, C=native code)
V  [jvm.dll+0x32fa99]
V  [jvm.dll+0x275ff2]
V  [jvm.dll+0x276c9d]
V  [jvm.dll+0x26d645]
V  [jvm.dll+0xd583c]
V  [jvm.dll+0xd603c]
V  [jvm.dll+0x453fe2]
V  [jvm.dll+0x48f09d]
V  [jvm.dll+0x4436fe]
V  [jvm.dll+0x440e1b]
V  [jvm.dll+0x42bceb]
V  [jvm.dll+0xac68b]
V  [jvm.dll+0xaaceb]
V  [jvm.dll+0x23e542]
V  [jvm.dll+0x292d2c]
C  [ucrtbase.dll+0x26c0c]
C  [KERNEL32.DLL+0x154e0]
C  [ntdll.dll+0x485b]


Current CompileTask:
C2:   5035 1703       4       org.codehaus.plexus.util.xml.pull.MXParser::parseStartTag (1195 bytes)


---------------  P R O C E S S  ---------------

Java Threads: ( => current thread )
  0x0000016379d9d800 JavaThread "Service Thread" daemon [_thread_blocked, id=11956, stack(0x0000004b2bd00000,0x0000004b2be00000)]
  0x0000016379d2e000 JavaThread "C1 CompilerThread2" daemon [_thread_in_native, id=12280, stack(0x0000004b2bc00000,0x0000004b2bd00000)]
  0x0000016379d2c800 JavaThread "C2 CompilerThread1" daemon [_thread_in_native, id=4052, stack(0x0000004b2bb00000,0x0000004b2bc00000)]
=>0x0000016379d01000 JavaThread "C2 CompilerThread0" daemon [_thread_in_native, id=9072, stack(0x0000004b2ba00000,0x0000004b2bb00000)]
  0x0000016379cfb800 JavaThread "Monitor Ctrl-Break" daemon [_thread_in_native, id=6916, stack(0x0000004b2b900000,0x0000004b2ba00000)]
  0x0000016379c90000 JavaThread "Attach Listener" daemon [_thread_blocked, id=14904, stack(0x0000004b2b800000,0x0000004b2b900000)]
  0x0000016379c8e800 JavaThread "Signal Dispatcher" daemon [_thread_blocked, id=1236, stack(0x0000004b2b700000,0x0000004b2b800000)]
  0x000001637952a000 JavaThread "Finalizer" daemon [_thread_blocked, id=3900, stack(0x0000004b2b600000,0x0000004b2b700000)]
  0x0000016379528000 JavaThread "Reference Handler" daemon [_thread_blocked, id=2876, stack(0x0000004b2b500000,0x0000004b2b600000)]
  0x0000016374ad7000 JavaThread "main" [_thread_in_Java, id=12992, stack(0x0000004b2af00000,0x0000004b2b000000)]

Other Threads:
  0x0000016379c43800 VMThread [stack: 0x0000004b2b400000,0x0000004b2b500000] [id=4852]
  0x000001637a88e800 WatcherThread [stack: 0x0000004b2be00000,0x0000004b2bf00000] [id=12756]

VM state:not at safepoint (normal execution)

VM Mutex/Monitor currently owned by a thread: None

heap address: 0x00000000c1e00000, size: 994 MB, Compressed Oops mode: 32-bit
Narrow klass base: 0x0000000000000000, Narrow klass shift: 3
Compressed class space size: 1073741824 Address: 0x0000000100000000

Heap:
 PSYoungGen      total 35328K, used 3249K [0x00000000eb500000, 0x00000000eda00000, 0x0000000100000000)
  eden space 32768K, 2% used [0x00000000eb500000,0x00000000eb5b0708,0x00000000ed500000)
  from space 2560K, 99% used [0x00000000ed500000,0x00000000ed77c050,0x00000000ed780000)
  to   space 2560K, 0% used [0x00000000ed780000,0x00000000ed780000,0x00000000eda00000)
 ParOldGen       total 44032K, used 9812K [0x00000000c1e00000, 0x00000000c4900000, 0x00000000eb500000)
  object space 44032K, 22% used [0x00000000c1e00000,0x00000000c2795168,0x00000000c4900000)
 Metaspace       used 15012K, capacity 15262K, committed 15616K, reserved 1062912K
  class space    used 1843K, capacity 1938K, committed 2048K, reserved 1048576K

Card table byte_map: [0x00000163767b0000,0x00000163769b0000] byte_map_base: 0x00000163761a1000

Marking Bits: (ParMarkBitMap*) 0x0000000064ab9030
 Begin Bits: [0x0000016376b00000, 0x0000016377a88000)
 End Bits:   [0x0000016377a88000, 0x0000016378a10000)

Polling page: 0x0000016374c10000

CodeCache: size=245760Kb used=5801Kb max_used=5801Kb free=239959Kb
 bounds [0x0000016300000000, 0x00000163005b0000, 0x000001630f000000]
 total_blobs=2085 nmethods=1729 adapters=268
 compilation: enabled

Compilation events (10 events):
Event: 4.981 Thread 0x0000016379d01000 1703       4       org.codehaus.plexus.util.xml.pull.MXParser::parseStartTag (1195 bytes)
Event: 4.983 Thread 0x0000016379d2e000 1705       3       java.lang.String::replace (127 bytes)
Event: 4.984 Thread 0x0000016379d2e000 nmethod 1705 0x00000163005968d0 code [0x0000016300596a80, 0x0000016300597138]
Event: 4.985 Thread 0x0000016379d2e000 1706       3       org.codehaus.plexus.util.xml.pull.MXParser::getAttributeCount (15 bytes)
Event: 4.985 Thread 0x0000016379d2e000 nmethod 1706 0x00000163005974d0 code [0x0000016300597620, 0x00000163005977d8]
Event: 4.985 Thread 0x0000016379d2e000 1707       3       org.apache.maven.model.io.xpp3.MavenXpp3ReaderEx::interpolatedTrimmed (16 bytes)
Event: 4.986 Thread 0x0000016379d2e000 nmethod 1707 0x0000016300597850 code [0x00000163005979e0, 0x0000016300597d30]
Event: 4.986 Thread 0x0000016379d2e000 1709       3       org.apache.maven.model.Dependency::setLocation (390 bytes)
Event: 4.988 Thread 0x0000016379d2e000 nmethod 1709 0x0000016300597ed0 code [0x00000163005981c0, 0x0000016300599c30]
Event: 4.990 Thread 0x0000016379d2e000 1710       3       org.apache.maven.model.io.xpp3.MavenXpp3ReaderEx::parseDependency (750 bytes)

GC Heap History (8 events):
Event: 3.017 GC heap before
{Heap before GC invocations=1 (full 0):
 PSYoungGen      total 18944K, used 16384K [0x00000000eb500000, 0x00000000eca00000, 0x0000000100000000)
  eden space 16384K, 100% used [0x00000000eb500000,0x00000000ec500000,0x00000000ec500000)
  from space 2560K, 0% used [0x00000000ec780000,0x00000000ec780000,0x00000000eca00000)
  to   space 2560K, 0% used [0x00000000ec500000,0x00000000ec500000,0x00000000ec780000)
 ParOldGen       total 44032K, used 0K [0x00000000c1e00000, 0x00000000c4900000, 0x00000000eb500000)
  object space 44032K, 0% used [0x00000000c1e00000,0x00000000c1e00000,0x00000000c4900000)
 Metaspace       used 6875K, capacity 7004K, committed 7296K, reserved 1056768K
  class space    used 760K, capacity 824K, committed 896K, reserved 1048576K
Event: 3.026 GC heap after
Heap after GC invocations=1 (full 0):
 PSYoungGen      total 18944K, used 2539K [0x00000000eb500000, 0x00000000eca00000, 0x0000000100000000)
  eden space 16384K, 0% used [0x00000000eb500000,0x00000000eb500000,0x00000000ec500000)
  from space 2560K, 99% used [0x00000000ec500000,0x00000000ec77ada8,0x00000000ec780000)
  to   space 2560K, 0% used [0x00000000ec780000,0x00000000ec780000,0x00000000eca00000)
 ParOldGen       total 44032K, used 470K [0x00000000c1e00000, 0x00000000c4900000, 0x00000000eb500000)
  object space 44032K, 1% used [0x00000000c1e00000,0x00000000c1e75a30,0x00000000c4900000)
 Metaspace       used 6875K, capacity 7004K, committed 7296K, reserved 1056768K
  class space    used 760K, capacity 824K, committed 896K, reserved 1048576K
}
Event: 3.551 GC heap before
{Heap before GC invocations=2 (full 0):
 PSYoungGen      total 18944K, used 18923K [0x00000000eb500000, 0x00000000eca00000, 0x0000000100000000)
  eden space 16384K, 100% used [0x00000000eb500000,0x00000000ec500000,0x00000000ec500000)
  from space 2560K, 99% used [0x00000000ec500000,0x00000000ec77ada8,0x00000000ec780000)
  to   space 2560K, 0% used [0x00000000ec780000,0x00000000ec780000,0x00000000eca00000)
 ParOldGen       total 44032K, used 470K [0x00000000c1e00000, 0x00000000c4900000, 0x00000000eb500000)
  object space 44032K, 1% used [0x00000000c1e00000,0x00000000c1e75a30,0x00000000c4900000)
 Metaspace       used 8794K, capacity 8892K, committed 9088K, reserved 1056768K
  class space    used 1050K, capacity 1112K, committed 1152K, reserved 1048576K
Event: 3.558 GC heap after
Heap after GC invocations=2 (full 0):
 PSYoungGen      total 18944K, used 2547K [0x00000000eb500000, 0x00000000eca00000, 0x0000000100000000)
  eden space 16384K, 0% used [0x00000000eb500000,0x00000000eb500000,0x00000000ec500000)
  from space 2560K, 99% used [0x00000000ec780000,0x00000000ec9fcd00,0x00000000eca00000)
  to   space 2560K, 0% used [0x00000000ec500000,0x00000000ec500000,0x00000000ec780000)
 ParOldGen       total 44032K, used 1656K [0x00000000c1e00000, 0x00000000c4900000, 0x00000000eb500000)
  object space 44032K, 3% used [0x00000000c1e00000,0x00000000c1f9e298,0x00000000c4900000)
 Metaspace       used 8794K, capacity 8892K, committed 9088K, reserved 1056768K
  class space    used 1050K, capacity 1112K, committed 1152K, reserved 1048576K
}
Event: 3.817 GC heap before
{Heap before GC invocations=3 (full 0):
 PSYoungGen      total 18944K, used 18931K [0x00000000eb500000, 0x00000000eca00000, 0x0000000100000000)
  eden space 16384K, 100% used [0x00000000eb500000,0x00000000ec500000,0x00000000ec500000)
  from space 2560K, 99% used [0x00000000ec780000,0x00000000ec9fcd00,0x00000000eca00000)
  to   space 2560K, 0% used [0x00000000ec500000,0x00000000ec500000,0x00000000ec780000)
 ParOldGen       total 44032K, used 1656K [0x00000000c1e00000, 0x00000000c4900000, 0x00000000eb500000)
  object space 44032K, 3% used [0x00000000c1e00000,0x00000000c1f9e298,0x00000000c4900000)
 Metaspace       used 9836K, capacity 10002K, committed 10240K, reserved 1058816K
  class space    used 1178K, capacity 1244K, committed 1280K, reserved 1048576K
Event: 3.822 GC heap after
Heap after GC invocations=3 (full 0):
 PSYoungGen      total 18944K, used 2548K [0x00000000eb500000, 0x00000000eda00000, 0x0000000100000000)
  eden space 16384K, 0% used [0x00000000eb500000,0x00000000eb500000,0x00000000ec500000)
  from space 2560K, 99% used [0x00000000ec500000,0x00000000ec77d128,0x00000000ec780000)
  to   space 2560K, 0% used [0x00000000ed780000,0x00000000ed780000,0x00000000eda00000)
 ParOldGen       total 44032K, used 3182K [0x00000000c1e00000, 0x00000000c4900000, 0x00000000eb500000)
  object space 44032K, 7% used [0x00000000c1e00000,0x00000000c211b958,0x00000000c4900000)
 Metaspace       used 9836K, capacity 10002K, committed 10240K, reserved 1058816K
  class space    used 1178K, capacity 1244K, committed 1280K, reserved 1048576K
}
Event: 4.132 GC heap before
{Heap before GC invocations=4 (full 0):
 PSYoungGen      total 18944K, used 18932K [0x00000000eb500000, 0x00000000eda00000, 0x0000000100000000)
  eden space 16384K, 100% used [0x00000000eb500000,0x00000000ec500000,0x00000000ec500000)
  from space 2560K, 99% used [0x00000000ec500000,0x00000000ec77d128,0x00000000ec780000)
  to   space 2560K, 0% used [0x00000000ed780000,0x00000000ed780000,0x00000000eda00000)
 ParOldGen       total 44032K, used 3182K [0x00000000c1e00000, 0x00000000c4900000, 0x00000000eb500000)
  object space 44032K, 7% used [0x00000000c1e00000,0x00000000c211b958,0x00000000c4900000)
 Metaspace       used 11405K, capacity 11662K, committed 11776K, reserved 1058816K
  class space    used 1387K, capacity 1478K, committed 1536K, reserved 1048576K
Event: 4.141 GC heap after
Heap after GC invocations=4 (full 0):
 PSYoungGen      total 35328K, used 2528K [0x00000000eb500000, 0x00000000eda00000, 0x0000000100000000)
  eden space 32768K, 0% used [0x00000000eb500000,0x00000000eb500000,0x00000000ed500000)
  from space 2560K, 98% used [0x00000000ed780000,0x00000000ed9f8020,0x00000000eda00000)
  to   space 2560K, 0% used [0x00000000ed500000,0x00000000ed500000,0x00000000ed780000)
 ParOldGen       total 44032K, used 5377K [0x00000000c1e00000, 0x00000000c4900000, 0x00000000eb500000)
  object space 44032K, 12% used [0x00000000c1e00000,0x00000000c23404e0,0x00000000c4900000)
 Metaspace       used 11405K, capacity 11662K, committed 11776K, reserved 1058816K
  class space    used 1387K, capacity 1478K, committed 1536K, reserved 1048576K
}

Deoptimization events (10 events):
Event: 3.608 Thread 0x0000016374ad7000 Uncommon trap: reason=unstable_if action=reinterpret pc=0x00000163002fbebc method=org.codehaus.plexus.util.xml.pull.MXParser.nextImpl()I @ 241
Event: 3.609 Thread 0x0000016374ad7000 Uncommon trap: reason=unstable_if action=reinterpret pc=0x0000016300312a0c method=sun.nio.cs.StreamDecoder.implRead([CII)I @ 197
Event: 3.694 Thread 0x0000016374ad7000 Uncommon trap: reason=unstable_if action=reinterpret pc=0x00000163002c2780 method=java.util.HashMap.getNode(ILjava/lang/Object;)Ljava/util/HashMap$Node; @ 129
Event: 4.763 Thread 0x0000016374ad7000 Uncommon trap: reason=unstable_if action=reinterpret pc=0x0000016300537f40 method=org.eclipse.sisu.inject.InjectorBindings.isAssignableFrom(Lcom/google/inject/TypeLiteral;Lcom/google/inject/Binding;)Z @ 14
Event: 4.764 Thread 0x0000016374ad7000 Uncommon trap: reason=null_check action=make_not_entrant pc=0x00000163002284e4 method=java.lang.String.equals(Ljava/lang/Object;)Z @ 8
Event: 4.885 Thread 0x0000016374ad7000 Uncommon trap: reason=bimorphic action=maybe_recompile pc=0x0000016300544370 method=java.net.URL.<init>(Ljava/net/URL;Ljava/lang/String;Ljava/net/URLStreamHandler;)V @ 504
Event: 4.888 Thread 0x0000016374ad7000 Uncommon trap: reason=bimorphic action=maybe_recompile pc=0x0000016300544370 method=java.net.URL.<init>(Ljava/net/URL;Ljava/lang/String;Ljava/net/URLStreamHandler;)V @ 504
Event: 4.928 Thread 0x0000016374ad7000 Uncommon trap: reason=unstable_if action=reinterpret pc=0x000001630023455c method=java.lang.AbstractStringBuilder.append(Ljava/lang/String;)Ljava/lang/AbstractStringBuilder; @ 1
Event: 4.928 Thread 0x0000016374ad7000 Uncommon trap: reason=unstable_if action=reinterpret pc=0x0000016300210388 method=java.lang.AbstractStringBuilder.append(Ljava/lang/String;)Ljava/lang/AbstractStringBuilder; @ 1
Event: 4.970 Thread 0x0000016374ad7000 Uncommon trap: reason=unstable_if action=reinterpret pc=0x000001630020e0f0 method=java.lang.String.replace(CC)Ljava/lang/String; @ 2

Classes redefined (0 events):
No events

Internal exceptions (10 events):
Event: 1.174 Thread 0x0000016374ad7000 Exception <a 'java/security/PrivilegedActionException'> (0x00000000eb58f760) thrown at [C:\jenkins\workspace\8-2-build-windows-x64-cygwin\jdk8u341\2692\hotspot\src\share\vm\prims\jvm.cpp, line 1523]
Event: 1.174 Thread 0x0000016374ad7000 Exception <a 'java/security/PrivilegedActionException'> (0x00000000eb58f970) thrown at [C:\jenkins\workspace\8-2-build-windows-x64-cygwin\jdk8u341\2692\hotspot\src\share\vm\prims\jvm.cpp, line 1523]
Event: 1.746 Thread 0x0000016379c90000 Exception <a 'java/security/PrivilegedActionException'> (0x00000000eb864990) thrown at [C:\jenkins\workspace\8-2-build-windows-x64-cygwin\jdk8u341\2692\hotspot\src\share\vm\prims\jvm.cpp, line 1523]
Event: 1.746 Thread 0x0000016379c90000 Exception <a 'java/security/PrivilegedActionException'> (0x00000000eb864d88) thrown at [C:\jenkins\workspace\8-2-build-windows-x64-cygwin\jdk8u341\2692\hotspot\src\share\vm\prims\jvm.cpp, line 1523]
Event: 4.629 Thread 0x0000016374ad7000 Exception <a 'java/lang/NoClassDefFoundError': com/google/inject/servlet/ServletModuleTargetVisitor> (0x00000000ec976568) thrown at [C:\jenkins\workspace\8-2-build-windows-x64-cygwin\jdk8u341\2692\hotspot\src\share\vm\classfile\systemDictionary.cpp, line 
Event: 4.630 Thread 0x0000016374ad7000 Exception <a 'java/lang/NoClassDefFoundError'> (0x00000000ec976568) thrown at [C:\jenkins\workspace\8-2-build-windows-x64-cygwin\jdk8u341\2692\hotspot\src\share\vm\prims\jvm.cpp, line 1527]
Event: 4.630 Thread 0x0000016374ad7000 Exception <a 'java/lang/NoClassDefFoundError': javax/annotation/Priority> (0x00000000ec97b7d8) thrown at [C:\jenkins\workspace\8-2-build-windows-x64-cygwin\jdk8u341\2692\hotspot\src\share\vm\classfile\systemDictionary.cpp, line 201]
Event: 4.764 Thread 0x0000016374ad7000 Implicit null exception at 0x000001630022831b to 0x00000163002284d5
Event: 4.928 Thread 0x0000016374ad7000 Implicit null exception at 0x0000016300234199 to 0x0000016300234545
Event: 4.928 Thread 0x0000016374ad7000 Implicit null exception at 0x000001630020ffd6 to 0x0000016300210371

Events (10 events):
Event: 4.966 loading class org/apache/maven/model/License done
Event: 4.967 loading class org/apache/maven/model/Scm
Event: 4.967 loading class org/apache/maven/model/Scm done
Event: 4.970 Thread 0x0000016374ad7000 Uncommon trap: trap_request=0xffffff65 fr.pc=0x000001630020e0f0
Event: 4.970 Thread 0x0000016374ad7000 DEOPT PACKING pc=0x000001630020e0f0 sp=0x0000004b2affdad0
Event: 4.970 Thread 0x0000016374ad7000 DEOPT UNPACKING pc=0x00000163000458c3 sp=0x0000004b2affda58 mode 2
Event: 4.982 loading class org/apache/maven/model/DependencyManagement
Event: 4.982 loading class org/apache/maven/model/DependencyManagement done
Event: 4.983 loading class org/apache/maven/model/Exclusion
Event: 4.983 loading class org/apache/maven/model/Exclusion done


Dynamic libraries:
0x00007ff734790000 - 0x00007ff7347d7000 	C:\Program Files\Java\jdk1.8.0_341\bin\java.exe
0x00007ffdbafc0000 - 0x00007ffdbb1c9000 	C:\WINDOWS\SYSTEM32\ntdll.dll
0x00007ffdb9290000 - 0x00007ffdb934d000 	C:\WINDOWS\System32\KERNEL32.DLL
0x00007ffdb8860000 - 0x00007ffdb8bdd000 	C:\WINDOWS\System32\KERNELBASE.dll
0x00007ffdba090000 - 0x00007ffdba13e000 	C:\WINDOWS\System32\ADVAPI32.dll
0x00007ffdb9a90000 - 0x00007ffdb9b33000 	C:\WINDOWS\System32\msvcrt.dll
0x00007ffdb99f0000 - 0x00007ffdb9a8e000 	C:\WINDOWS\System32\sechost.dll
0x00007ffdb9420000 - 0x00007ffdb9540000 	C:\WINDOWS\System32\RPCRT4.dll
0x00007ffdb9e70000 - 0x00007ffdba01d000 	C:\WINDOWS\System32\USER32.dll
0x00007ffdb8e20000 - 0x00007ffdb8e46000 	C:\WINDOWS\System32\win32u.dll
0x00007ffdb91d0000 - 0x00007ffdb91f9000 	C:\WINDOWS\System32\GDI32.dll
0x00007ffdb8d00000 - 0x00007ffdb8e18000 	C:\WINDOWS\System32\gdi32full.dll
0x00007ffdb8c60000 - 0x00007ffdb8cfd000 	C:\WINDOWS\System32\msvcp_win.dll
0x00007ffdb86d0000 - 0x00007ffdb87e1000 	C:\WINDOWS\System32\ucrtbase.dll
0x00007ffda6220000 - 0x00007ffda64c5000 	C:\WINDOWS\WinSxS\amd64_microsoft.windows.common-controls_6595b64144ccf1df_6.0.22000.120_none_9d947278b86cc467\COMCTL32.dll
0x00007ffdb9d50000 - 0x00007ffdb9d81000 	C:\WINDOWS\System32\IMM32.DLL
0x00007ffdaddf0000 - 0x00007ffdade05000 	C:\Program Files\Java\jdk1.8.0_341\jre\bin\vcruntime140.dll
0x00007ffd7e390000 - 0x00007ffd7e42b000 	C:\Program Files\Java\jdk1.8.0_341\jre\bin\msvcp140.dll
0x00000000642d0000 - 0x0000000064b31000 	C:\Program Files\Java\jdk1.8.0_341\jre\bin\server\jvm.dll
0x00007ffdb9280000 - 0x00007ffdb9288000 	C:\WINDOWS\System32\PSAPI.DLL
0x00007ffd374e0000 - 0x00007ffd374e9000 	C:\WINDOWS\SYSTEM32\WSOCK32.dll
0x00007ffdb0eb0000 - 0x00007ffdb0ee3000 	C:\WINDOWS\SYSTEM32\WINMM.dll
0x00007ffdb95c0000 - 0x00007ffdb962f000 	C:\WINDOWS\System32\WS2_32.dll
0x00007ffdaebc0000 - 0x00007ffdaebca000 	C:\WINDOWS\SYSTEM32\VERSION.dll
0x00007ffdb7560000 - 0x00007ffdb7578000 	C:\WINDOWS\SYSTEM32\kernel.appcore.dll
0x00007ffdae080000 - 0x00007ffdae090000 	C:\Program Files\Java\jdk1.8.0_341\jre\bin\verify.dll
0x00007ffda6090000 - 0x00007ffda60bb000 	C:\Program Files\Java\jdk1.8.0_341\jre\bin\java.dll
0x00007ffda60d0000 - 0x00007ffda6100000 	C:\Program Files\Java\jdk1.8.0_341\jre\bin\instrument.dll
0x00007ffdadc60000 - 0x00007ffdadc78000 	C:\Program Files\Java\jdk1.8.0_341\jre\bin\zip.dll
0x00007ffdba340000 - 0x00007ffdbaaf8000 	C:\WINDOWS\System32\SHELL32.dll
0x00007ffdb65d0000 - 0x00007ffdb6e38000 	C:\WINDOWS\SYSTEM32\windows.storage.dll
0x00007ffdb8e50000 - 0x00007ffdb91c9000 	C:\WINDOWS\System32\combase.dll
0x00007ffdb6460000 - 0x00007ffdb65c6000 	C:\WINDOWS\SYSTEM32\wintypes.dll
0x00007ffdba1c0000 - 0x00007ffdba2aa000 	C:\WINDOWS\System32\SHCORE.dll
0x00007ffdba030000 - 0x00007ffdba08d000 	C:\WINDOWS\System32\shlwapi.dll
0x00007ffdb83d0000 - 0x00007ffdb83f1000 	C:\WINDOWS\SYSTEM32\profapi.dll
0x00007ffda5a30000 - 0x00007ffda5a4a000 	C:\Program Files\JetBrains\IntelliJ IDEA Community Edition 2022.2.1\bin\breakgen64.dll
0x00007ffdadba0000 - 0x00007ffdadbbc000 	C:\Program Files\Java\jdk1.8.0_341\jre\bin\net.dll
0x00007ffdb7a10000 - 0x00007ffdb7a77000 	C:\WINDOWS\system32\mswsock.dll
0x00007ffdb7d10000 - 0x00007ffdb7d28000 	C:\WINDOWS\SYSTEM32\CRYPTSP.dll
0x00007ffdb74c0000 - 0x00007ffdb74f5000 	C:\WINDOWS\system32\rsaenh.dll
0x00007ffdb7b90000 - 0x00007ffdb7bb9000 	C:\WINDOWS\SYSTEM32\USERENV.dll
0x00007ffdb7e80000 - 0x00007ffdb7ea7000 	C:\WINDOWS\SYSTEM32\bcrypt.dll
0x00007ffdb8be0000 - 0x00007ffdb8c5f000 	C:\WINDOWS\System32\bcryptprimitives.dll
0x00007ffdb7d00000 - 0x00007ffdb7d0c000 	C:\WINDOWS\SYSTEM32\CRYPTBASE.dll
0x00007ffdb7090000 - 0x00007ffdb70bd000 	C:\WINDOWS\SYSTEM32\IPHLPAPI.DLL
0x00007ffdba020000 - 0x00007ffdba029000 	C:\WINDOWS\System32\NSI.dll
0x00007ffdb1750000 - 0x00007ffdb1769000 	C:\WINDOWS\SYSTEM32\dhcpcsvc6.DLL
0x00007ffdb1830000 - 0x00007ffdb184e000 	C:\WINDOWS\SYSTEM32\dhcpcsvc.DLL
0x00007ffdb7100000 - 0x00007ffdb71e8000 	C:\WINDOWS\SYSTEM32\DNSAPI.dll
0x00007ffda6560000 - 0x00007ffda6573000 	C:\Program Files\Java\jdk1.8.0_341\jre\bin\nio.dll
0x00007ffdae150000 - 0x00007ffdae15a000 	C:\Users\Admin\AppData\Local\Temp\jansi-1.17.1-8273452896826520255.dll
0x00007ffda60c0000 - 0x00007ffda60ca000 	C:\Users\Admin\AppData\Local\Temp\jansi-1.17.1-776728880714893161.dll
0x00007ffdb3200000 - 0x00007ffdb3421000 	C:\WINDOWS\SYSTEM32\dbghelp.dll

VM Arguments:
jvm_args: -Dmaven.multiModuleProjectDirectory=D:\workspace\springboot-docker-image -Dmaven.home=C:\Program Files\JetBrains\IntelliJ IDEA Community Edition 2022.2.1\plugins\maven\lib\maven3 -Dclassworlds.conf=C:\Program Files\JetBrains\IntelliJ IDEA Community Edition 2022.2.1\plugins\maven\lib\maven3\bin\m2.conf -Dmaven.ext.class.path=C:\Program Files\JetBrains\IntelliJ IDEA Community Edition 2022.2.1\plugins\maven\lib\maven-event-listener.jar -javaagent:C:\Program Files\JetBrains\IntelliJ IDEA Community Edition 2022.2.1\lib\idea_rt.jar=57102:C:\Program Files\JetBrains\IntelliJ IDEA Community Edition 2022.2.1\bin -Dfile.encoding=UTF-8 
java_command: org.codehaus.classworlds.Launcher -Didea.version=2022.2.1 clean install
java_class_path (initial): C:\Program Files\JetBrains\IntelliJ IDEA Community Edition 2022.2.1\plugins\maven\lib\maven3\boot\plexus-classworlds-2.6.0.jar;C:\Program Files\JetBrains\IntelliJ IDEA Community Edition 2022.2.1\plugins\maven\lib\maven3\boot\plexus-classworlds.license;C:\Program Files\JetBrains\IntelliJ IDEA Community Edition 2022.2.1\lib\idea_rt.jar
Launcher Type: SUN_STANDARD

Environment Variables:
JAVA_HOME=C:\Program Files\Java\jdk1.8.0_341
PATH=C:\Program Files (x86)\Common Files\Oracle\Java\javapath;C:\Program Files (x86)\Microsoft SDKs\Azure\CLI2\wbin;C:\WINDOWS\system32;C:\WINDOWS;C:\WINDOWS\System32\Wbem;C:\WINDOWS\System32\WindowsPowerShell\v1.0\;C:\WINDOWS\System32\OpenSSH\;C:\Program Files\dotnet\;C:\ProgramData\chocolatey\bin;C:\Users\Admin\.azure-kubectl;C:\Program Files\Git\cmd;C:\Users\Admin\Downloads\apache-maven-3.8.6\bin;C:\Program Files\Java\jdk1.8.0_341\bin;;C:\Program Files\Docker\Docker\resources\bin;C:\ProgramData\DockerDesktop\version-bin;C:\Users\Admin\AppData\Local\Microsoft\WindowsApps;
USERNAME=Admin
OS=Windows_NT
PROCESSOR_IDENTIFIER=Intel64 Family 6 Model 142 Stepping 11, GenuineIntel



---------------  S Y S T E M  ---------------

OS: Windows 11 , 64 bit Build 22000 (10.0.22000.708)

CPU:total 4 (initial active 4) (2 cores per cpu, 2 threads per core) family 6 model 142 stepping 11, cmov, cx8, fxsr, mmx, sse, sse2, sse3, ssse3, sse4.1, sse4.2, popcnt, avx, avx2, aes, clmul, erms, 3dnowpref, lzcnt, ht, tsc, tscinvbit, bmi1, bmi2, adx

Memory: 4k page, physical 4068444k(271120k free), swap 16651356k(2332k free)

vm_info: Java HotSpot(TM) 64-Bit Server VM (25.341-b10) for windows-amd64 JRE (1.8.0_341-b10), built on Jun 16 2022 15:51:07 by "java_re" with MS VC++ 15.9 (VS2017)

time: Sat Sep  3 15:50:37 2022
timezone: India Standard Time
elapsed time: 5.044096 seconds (0d 0h 0m 5s)

